running egg_info
creating ../../build/aruco_pkg/aruco_pkg.egg-info
writing ../../build/aruco_pkg/aruco_pkg.egg-info/PKG-INFO
writing dependency_links to ../../build/aruco_pkg/aruco_pkg.egg-info/dependency_links.txt
writing requirements to ../../build/aruco_pkg/aruco_pkg.egg-info/requires.txt
writing top-level names to ../../build/aruco_pkg/aruco_pkg.egg-info/top_level.txt
writing manifest file '../../build/aruco_pkg/aruco_pkg.egg-info/SOURCES.txt'
reading manifest file '../../build/aruco_pkg/aruco_pkg.egg-info/SOURCES.txt'
adding license file 'LICENSE'
writing manifest file '../../build/aruco_pkg/aruco_pkg.egg-info/SOURCES.txt'
running build
running build_py
creating /home/emy/conveyorbelt_ws/build/aruco_pkg/build/lib/aruco_pkg
copying aruco_pkg/__init__.py -> /home/emy/conveyorbelt_ws/build/aruco_pkg/build/lib/aruco_pkg
running install
running install_lib
creating /home/emy/conveyorbelt_ws/install/aruco_pkg/lib/python3.10/site-packages/aruco_pkg
copying /home/emy/conveyorbelt_ws/build/aruco_pkg/build/lib/aruco_pkg/__init__.py -> /home/emy/conveyorbelt_ws/install/aruco_pkg/lib/python3.10/site-packages/aruco_pkg
byte-compiling /home/emy/conveyorbelt_ws/install/aruco_pkg/lib/python3.10/site-packages/aruco_pkg/__init__.py to __init__.cpython-310.pyc
running install_data
creating /home/emy/conveyorbelt_ws/install/aruco_pkg/share/ament_index/resource_index/packages
copying resource/aruco_pkg -> /home/emy/conveyorbelt_ws/install/aruco_pkg/share/ament_index/resource_index/packages
copying package.xml -> /home/emy/conveyorbelt_ws/install/aruco_pkg/share/aruco_pkg
running install_egg_info
Copying ../../build/aruco_pkg/aruco_pkg.egg-info to /home/emy/conveyorbelt_ws/install/aruco_pkg/lib/python3.10/site-packages/aruco_pkg-0.0.0-py3.10.egg-info
running install_scripts
writing list of installed files to '/home/emy/conveyorbelt_ws/build/aruco_pkg/install.log'
