[6.483s] Invoking command in '/home/emy/conveyorbelt_ws/src/aruco_pkg': PYTHONPATH=/home/emy/conveyorbelt_ws/build/aruco_pkg/prefix_override:/usr/lib/python3/dist-packages/colcon_core/task/python/colcon_distutils_commands:/home/emy/conveyorbelt_ws/install/aruco_pkg/lib/python3.10/site-packages:${PYTHONPATH} /usr/bin/python3 -W ignore:setup.py install is deprecated -W ignore:easy_install command is deprecated setup.py egg_info --egg-base ../../build/aruco_pkg build --build-base /home/emy/conveyorbelt_ws/build/aruco_pkg/build install --record /home/emy/conveyorbelt_ws/build/aruco_pkg/install.log --single-version-externally-managed install_data
[7.510s] /home/emy/.local/lib/python3.10/site-packages/setuptools/_distutils/dist.py:289: UserWarning: Unknown distribution option: 'tests_require'
[7.510s]   warnings.warn(msg)
[8.239s] running egg_info
[8.361s] creating ../../build/aruco_pkg/aruco_pkg.egg-info
[8.361s] writing ../../build/aruco_pkg/aruco_pkg.egg-info/PKG-INFO
[8.366s] writing dependency_links to ../../build/aruco_pkg/aruco_pkg.egg-info/dependency_links.txt
[8.368s] writing requirements to ../../build/aruco_pkg/aruco_pkg.egg-info/requires.txt
[8.369s] writing top-level names to ../../build/aruco_pkg/aruco_pkg.egg-info/top_level.txt
[8.371s] writing manifest file '../../build/aruco_pkg/aruco_pkg.egg-info/SOURCES.txt'
[8.642s] reading manifest file '../../build/aruco_pkg/aruco_pkg.egg-info/SOURCES.txt'
[8.643s] adding license file 'LICENSE'
[8.650s] writing manifest file '../../build/aruco_pkg/aruco_pkg.egg-info/SOURCES.txt'
[8.652s] running build
[8.652s] running build_py
[8.653s] creating /home/emy/conveyorbelt_ws/build/aruco_pkg/build/lib/aruco_pkg
[8.653s] copying aruco_pkg/__init__.py -> /home/emy/conveyorbelt_ws/build/aruco_pkg/build/lib/aruco_pkg
[8.656s] running install
[8.674s] running install_lib
[8.787s] creating /home/emy/conveyorbelt_ws/install/aruco_pkg/lib/python3.10/site-packages/aruco_pkg
[8.788s] copying /home/emy/conveyorbelt_ws/build/aruco_pkg/build/lib/aruco_pkg/__init__.py -> /home/emy/conveyorbelt_ws/install/aruco_pkg/lib/python3.10/site-packages/aruco_pkg
[8.791s] byte-compiling /home/emy/conveyorbelt_ws/install/aruco_pkg/lib/python3.10/site-packages/aruco_pkg/__init__.py to __init__.cpython-310.pyc
[8.794s] running install_data
[8.797s] creating /home/emy/conveyorbelt_ws/install/aruco_pkg/share/ament_index/resource_index/packages
[8.798s] copying resource/aruco_pkg -> /home/emy/conveyorbelt_ws/install/aruco_pkg/share/ament_index/resource_index/packages
[8.800s] copying package.xml -> /home/emy/conveyorbelt_ws/install/aruco_pkg/share/aruco_pkg
[8.802s] running install_egg_info
[8.910s] Copying ../../build/aruco_pkg/aruco_pkg.egg-info to /home/emy/conveyorbelt_ws/install/aruco_pkg/lib/python3.10/site-packages/aruco_pkg-0.0.0-py3.10.egg-info
[8.918s] running install_scripts
[9.133s] writing list of installed files to '/home/emy/conveyorbelt_ws/build/aruco_pkg/install.log'
[9.391s] Invoked command in '/home/emy/conveyorbelt_ws/src/aruco_pkg' returned '0': PYTHONPATH=/home/emy/conveyorbelt_ws/build/aruco_pkg/prefix_override:/usr/lib/python3/dist-packages/colcon_core/task/python/colcon_distutils_commands:/home/emy/conveyorbelt_ws/install/aruco_pkg/lib/python3.10/site-packages:${PYTHONPATH} /usr/bin/python3 -W ignore:setup.py install is deprecated -W ignore:easy_install command is deprecated setup.py egg_info --egg-base ../../build/aruco_pkg build --build-base /home/emy/conveyorbelt_ws/build/aruco_pkg/build install --record /home/emy/conveyorbelt_ws/build/aruco_pkg/install.log --single-version-externally-managed install_data
