[0.551s] DEBUG:colcon:Command line arguments: ['/usr/bin/colcon', 'build']
[0.552s] DEBUG:colcon:Parsed command line arguments: Namespace(log_base=None, log_level=None, verb_name='build', build_base='build', install_base='install', merge_install=False, symlink_install=False, test_result_base=None, continue_on_error=False, executor='parallel', parallel_workers=2, event_handlers=None, ignore_user_meta=False, metas=['./colcon.meta'], base_paths=['.'], packages_ignore=None, packages_ignore_regex=None, paths=None, packages_up_to=None, packages_up_to_regex=None, packages_above=None, packages_above_and_dependencies=None, packages_above_depth=None, packages_select_by_dep=None, packages_skip_by_dep=None, packages_skip_up_to=None, packages_select_build_failed=False, packages_skip_build_finished=False, packages_select_test_failures=False, packages_skip_test_passed=False, packages_select=None, packages_skip=None, packages_select_regex=None, packages_skip_regex=None, packages_start=None, packages_end=None, allow_overriding=[], cmake_args=None, cmake_target=None, cmake_target_skip_unavailable=False, cmake_clean_cache=False, cmake_clean_first=False, cmake_force_configure=False, ament_cmake_args=None, catkin_cmake_args=None, catkin_skip_building_tests=False, mixin_files=None, mixin=None, verb_parser=<colcon_mixin.mixin.mixin_argument.MixinArgumentDecorator object at 0x71654a800610>, verb_extension=<colcon_core.verb.build.BuildVerb object at 0x71654a995c30>, main=<bound method BuildVerb.main of <colcon_core.verb.build.BuildVerb object at 0x71654a995c30>>, mixin_verb=('build',))
[0.735s] Level 1:colcon.colcon_core.package_discovery:discover_packages(colcon_meta) check parameters
[0.736s] Level 1:colcon.colcon_core.package_discovery:discover_packages(recursive) check parameters
[0.736s] Level 1:colcon.colcon_core.package_discovery:discover_packages(ignore) check parameters
[0.736s] Level 1:colcon.colcon_core.package_discovery:discover_packages(path) check parameters
[0.736s] Level 1:colcon.colcon_core.package_discovery:discover_packages(colcon_meta) discover
[0.737s] Level 1:colcon.colcon_core.package_discovery:discover_packages(recursive) discover
[0.737s] INFO:colcon.colcon_core.package_discovery:Crawling recursively for packages in '/home/emy/conveyorbelt_ws'
[0.737s] Level 1:colcon.colcon_core.package_identification:_identify(.) by extensions ['ignore', 'ignore_ament_install']
[0.738s] Level 1:colcon.colcon_core.package_identification:_identify(.) by extension 'ignore'
[0.738s] Level 1:colcon.colcon_core.package_identification:_identify(.) by extension 'ignore_ament_install'
[0.738s] Level 1:colcon.colcon_core.package_identification:_identify(.) by extensions ['colcon_pkg']
[0.738s] Level 1:colcon.colcon_core.package_identification:_identify(.) by extension 'colcon_pkg'
[0.738s] Level 1:colcon.colcon_core.package_identification:_identify(.) by extensions ['colcon_meta']
[0.738s] Level 1:colcon.colcon_core.package_identification:_identify(.) by extension 'colcon_meta'
[0.739s] Level 1:colcon.colcon_core.package_identification:_identify(.) by extensions ['ros']
[0.739s] Level 1:colcon.colcon_core.package_identification:_identify(.) by extension 'ros'
[0.807s] Level 1:colcon.colcon_core.package_identification:_identify(.) by extensions ['cmake', 'python']
[0.807s] Level 1:colcon.colcon_core.package_identification:_identify(.) by extension 'cmake'
[0.807s] Level 1:colcon.colcon_core.package_identification:_identify(.) by extension 'python'
[0.808s] Level 1:colcon.colcon_core.package_identification:_identify(.) by extensions ['python_setup_py']
[0.808s] Level 1:colcon.colcon_core.package_identification:_identify(.) by extension 'python_setup_py'
[0.808s] Level 1:colcon.colcon_core.package_identification:_identify(build) by extensions ['ignore', 'ignore_ament_install']
[0.809s] Level 1:colcon.colcon_core.package_identification:_identify(build) by extension 'ignore'
[0.809s] Level 1:colcon.colcon_core.package_identification:_identify(build) ignored
[0.809s] Level 1:colcon.colcon_core.package_identification:_identify(install) by extensions ['ignore', 'ignore_ament_install']
[0.810s] Level 1:colcon.colcon_core.package_identification:_identify(install) by extension 'ignore'
[0.810s] Level 1:colcon.colcon_core.package_identification:_identify(install) ignored
[0.810s] Level 1:colcon.colcon_core.package_identification:_identify(log) by extensions ['ignore', 'ignore_ament_install']
[0.811s] Level 1:colcon.colcon_core.package_identification:_identify(log) by extension 'ignore'
[0.811s] Level 1:colcon.colcon_core.package_identification:_identify(log) ignored
[0.811s] Level 1:colcon.colcon_core.package_identification:_identify(src) by extensions ['ignore', 'ignore_ament_install']
[0.812s] Level 1:colcon.colcon_core.package_identification:_identify(src) by extension 'ignore'
[0.812s] Level 1:colcon.colcon_core.package_identification:_identify(src) by extension 'ignore_ament_install'
[0.812s] Level 1:colcon.colcon_core.package_identification:_identify(src) by extensions ['colcon_pkg']
[0.812s] Level 1:colcon.colcon_core.package_identification:_identify(src) by extension 'colcon_pkg'
[0.812s] Level 1:colcon.colcon_core.package_identification:_identify(src) by extensions ['colcon_meta']
[0.812s] Level 1:colcon.colcon_core.package_identification:_identify(src) by extension 'colcon_meta'
[0.813s] Level 1:colcon.colcon_core.package_identification:_identify(src) by extensions ['ros']
[0.813s] Level 1:colcon.colcon_core.package_identification:_identify(src) by extension 'ros'
[0.813s] Level 1:colcon.colcon_core.package_identification:_identify(src) by extensions ['cmake', 'python']
[0.813s] Level 1:colcon.colcon_core.package_identification:_identify(src) by extension 'cmake'
[0.813s] Level 1:colcon.colcon_core.package_identification:_identify(src) by extension 'python'
[0.814s] Level 1:colcon.colcon_core.package_identification:_identify(src) by extensions ['python_setup_py']
[0.814s] Level 1:colcon.colcon_core.package_identification:_identify(src) by extension 'python_setup_py'
[0.814s] Level 1:colcon.colcon_core.package_identification:_identify(src/actuator_pkg) by extensions ['ignore', 'ignore_ament_install']
[0.815s] Level 1:colcon.colcon_core.package_identification:_identify(src/actuator_pkg) by extension 'ignore'
[0.815s] Level 1:colcon.colcon_core.package_identification:_identify(src/actuator_pkg) by extension 'ignore_ament_install'
[0.815s] Level 1:colcon.colcon_core.package_identification:_identify(src/actuator_pkg) by extensions ['colcon_pkg']
[0.815s] Level 1:colcon.colcon_core.package_identification:_identify(src/actuator_pkg) by extension 'colcon_pkg'
[0.815s] Level 1:colcon.colcon_core.package_identification:_identify(src/actuator_pkg) by extensions ['colcon_meta']
[0.816s] Level 1:colcon.colcon_core.package_identification:_identify(src/actuator_pkg) by extension 'colcon_meta'
[0.816s] Level 1:colcon.colcon_core.package_identification:_identify(src/actuator_pkg) by extensions ['ros']
[0.816s] Level 1:colcon.colcon_core.package_identification:_identify(src/actuator_pkg) by extension 'ros'
[0.947s] DEBUG:colcon.colcon_core.package_identification:Package 'src/actuator_pkg' with type 'ros.ament_python' and name 'actuator_pkg'
[0.948s] Level 1:colcon.colcon_core.package_identification:_identify(src/aruco_pkg) by extensions ['ignore', 'ignore_ament_install']
[0.949s] Level 1:colcon.colcon_core.package_identification:_identify(src/aruco_pkg) by extension 'ignore'
[0.950s] Level 1:colcon.colcon_core.package_identification:_identify(src/aruco_pkg) by extension 'ignore_ament_install'
[0.950s] Level 1:colcon.colcon_core.package_identification:_identify(src/aruco_pkg) by extensions ['colcon_pkg']
[0.950s] Level 1:colcon.colcon_core.package_identification:_identify(src/aruco_pkg) by extension 'colcon_pkg'
[0.951s] Level 1:colcon.colcon_core.package_identification:_identify(src/aruco_pkg) by extensions ['colcon_meta']
[0.951s] Level 1:colcon.colcon_core.package_identification:_identify(src/aruco_pkg) by extension 'colcon_meta'
[0.952s] Level 1:colcon.colcon_core.package_identification:_identify(src/aruco_pkg) by extensions ['ros']
[0.953s] Level 1:colcon.colcon_core.package_identification:_identify(src/aruco_pkg) by extension 'ros'
[0.962s] DEBUG:colcon.colcon_core.package_identification:Package 'src/aruco_pkg' with type 'ros.ament_python' and name 'aruco_pkg'
[0.963s] Level 1:colcon.colcon_core.package_identification:_identify(src/box_recognition) by extensions ['ignore', 'ignore_ament_install']
[0.964s] Level 1:colcon.colcon_core.package_identification:_identify(src/box_recognition) by extension 'ignore'
[0.964s] Level 1:colcon.colcon_core.package_identification:_identify(src/box_recognition) by extension 'ignore_ament_install'
[0.965s] Level 1:colcon.colcon_core.package_identification:_identify(src/box_recognition) by extensions ['colcon_pkg']
[0.965s] Level 1:colcon.colcon_core.package_identification:_identify(src/box_recognition) by extension 'colcon_pkg'
[0.965s] Level 1:colcon.colcon_core.package_identification:_identify(src/box_recognition) by extensions ['colcon_meta']
[0.966s] Level 1:colcon.colcon_core.package_identification:_identify(src/box_recognition) by extension 'colcon_meta'
[0.966s] Level 1:colcon.colcon_core.package_identification:_identify(src/box_recognition) by extensions ['ros']
[0.966s] Level 1:colcon.colcon_core.package_identification:_identify(src/box_recognition) by extension 'ros'
[0.974s] DEBUG:colcon.colcon_core.package_identification:Package 'src/box_recognition' with type 'ros.ament_python' and name 'box_recognition'
[0.975s] Level 1:colcon.colcon_core.package_discovery:discover_packages(recursive) using defaults
[0.975s] Level 1:colcon.colcon_core.package_discovery:discover_packages(ignore) discover
[0.975s] Level 1:colcon.colcon_core.package_discovery:discover_packages(ignore) using defaults
[0.975s] Level 1:colcon.colcon_core.package_discovery:discover_packages(path) discover
[0.976s] Level 1:colcon.colcon_core.package_discovery:discover_packages(path) using defaults
[1.081s] Level 1:colcon.colcon_core.package_discovery:discover_packages(prefix_path) check parameters
[1.081s] Level 1:colcon.colcon_core.package_discovery:discover_packages(prefix_path) discover
[1.095s] DEBUG:colcon.colcon_installed_package_information.package_discovery:Found 16 installed packages in /home/emy/turtlebot3_ws/install
[1.098s] DEBUG:colcon.colcon_installed_package_information.package_discovery:Found 3 installed packages in /home/emy/ros2_utilities_ws/install
[1.107s] DEBUG:colcon.colcon_installed_package_information.package_discovery:Found 378 installed packages in /opt/ros/humble
[1.119s] Level 1:colcon.colcon_core.package_discovery:discover_packages(prefix_path) using defaults
[1.363s] Level 5:colcon.colcon_core.verb:set package 'actuator_pkg' build argument 'cmake_args' from command line to 'None'
[1.363s] Level 5:colcon.colcon_core.verb:set package 'actuator_pkg' build argument 'cmake_target' from command line to 'None'
[1.363s] Level 5:colcon.colcon_core.verb:set package 'actuator_pkg' build argument 'cmake_target_skip_unavailable' from command line to 'False'
[1.363s] Level 5:colcon.colcon_core.verb:set package 'actuator_pkg' build argument 'cmake_clean_cache' from command line to 'False'
[1.363s] Level 5:colcon.colcon_core.verb:set package 'actuator_pkg' build argument 'cmake_clean_first' from command line to 'False'
[1.364s] Level 5:colcon.colcon_core.verb:set package 'actuator_pkg' build argument 'cmake_force_configure' from command line to 'False'
[1.364s] Level 5:colcon.colcon_core.verb:set package 'actuator_pkg' build argument 'ament_cmake_args' from command line to 'None'
[1.364s] Level 5:colcon.colcon_core.verb:set package 'actuator_pkg' build argument 'catkin_cmake_args' from command line to 'None'
[1.364s] Level 5:colcon.colcon_core.verb:set package 'actuator_pkg' build argument 'catkin_skip_building_tests' from command line to 'False'
[1.364s] DEBUG:colcon.colcon_core.verb:Building package 'actuator_pkg' with the following arguments: {'ament_cmake_args': None, 'build_base': '/home/emy/conveyorbelt_ws/build/actuator_pkg', 'catkin_cmake_args': None, 'catkin_skip_building_tests': False, 'cmake_args': None, 'cmake_clean_cache': False, 'cmake_clean_first': False, 'cmake_force_configure': False, 'cmake_target': None, 'cmake_target_skip_unavailable': False, 'install_base': '/home/emy/conveyorbelt_ws/install/actuator_pkg', 'merge_install': False, 'path': '/home/emy/conveyorbelt_ws/src/actuator_pkg', 'symlink_install': False, 'test_result_base': None}
[1.366s] Level 5:colcon.colcon_core.verb:set package 'aruco_pkg' build argument 'cmake_args' from command line to 'None'
[1.366s] Level 5:colcon.colcon_core.verb:set package 'aruco_pkg' build argument 'cmake_target' from command line to 'None'
[1.366s] Level 5:colcon.colcon_core.verb:set package 'aruco_pkg' build argument 'cmake_target_skip_unavailable' from command line to 'False'
[1.366s] Level 5:colcon.colcon_core.verb:set package 'aruco_pkg' build argument 'cmake_clean_cache' from command line to 'False'
[1.366s] Level 5:colcon.colcon_core.verb:set package 'aruco_pkg' build argument 'cmake_clean_first' from command line to 'False'
[1.367s] Level 5:colcon.colcon_core.verb:set package 'aruco_pkg' build argument 'cmake_force_configure' from command line to 'False'
[1.367s] Level 5:colcon.colcon_core.verb:set package 'aruco_pkg' build argument 'ament_cmake_args' from command line to 'None'
[1.367s] Level 5:colcon.colcon_core.verb:set package 'aruco_pkg' build argument 'catkin_cmake_args' from command line to 'None'
[1.367s] Level 5:colcon.colcon_core.verb:set package 'aruco_pkg' build argument 'catkin_skip_building_tests' from command line to 'False'
[1.367s] DEBUG:colcon.colcon_core.verb:Building package 'aruco_pkg' with the following arguments: {'ament_cmake_args': None, 'build_base': '/home/emy/conveyorbelt_ws/build/aruco_pkg', 'catkin_cmake_args': None, 'catkin_skip_building_tests': False, 'cmake_args': None, 'cmake_clean_cache': False, 'cmake_clean_first': False, 'cmake_force_configure': False, 'cmake_target': None, 'cmake_target_skip_unavailable': False, 'install_base': '/home/emy/conveyorbelt_ws/install/aruco_pkg', 'merge_install': False, 'path': '/home/emy/conveyorbelt_ws/src/aruco_pkg', 'symlink_install': False, 'test_result_base': None}
[1.369s] Level 5:colcon.colcon_core.verb:set package 'box_recognition' build argument 'cmake_args' from command line to 'None'
[1.369s] Level 5:colcon.colcon_core.verb:set package 'box_recognition' build argument 'cmake_target' from command line to 'None'
[1.369s] Level 5:colcon.colcon_core.verb:set package 'box_recognition' build argument 'cmake_target_skip_unavailable' from command line to 'False'
[1.369s] Level 5:colcon.colcon_core.verb:set package 'box_recognition' build argument 'cmake_clean_cache' from command line to 'False'
[1.369s] Level 5:colcon.colcon_core.verb:set package 'box_recognition' build argument 'cmake_clean_first' from command line to 'False'
[1.369s] Level 5:colcon.colcon_core.verb:set package 'box_recognition' build argument 'cmake_force_configure' from command line to 'False'
[1.370s] Level 5:colcon.colcon_core.verb:set package 'box_recognition' build argument 'ament_cmake_args' from command line to 'None'
[1.370s] Level 5:colcon.colcon_core.verb:set package 'box_recognition' build argument 'catkin_cmake_args' from command line to 'None'
[1.370s] Level 5:colcon.colcon_core.verb:set package 'box_recognition' build argument 'catkin_skip_building_tests' from command line to 'False'
[1.370s] DEBUG:colcon.colcon_core.verb:Building package 'box_recognition' with the following arguments: {'ament_cmake_args': None, 'build_base': '/home/emy/conveyorbelt_ws/build/box_recognition', 'catkin_cmake_args': None, 'catkin_skip_building_tests': False, 'cmake_args': None, 'cmake_clean_cache': False, 'cmake_clean_first': False, 'cmake_force_configure': False, 'cmake_target': None, 'cmake_target_skip_unavailable': False, 'install_base': '/home/emy/conveyorbelt_ws/install/box_recognition', 'merge_install': False, 'path': '/home/emy/conveyorbelt_ws/src/box_recognition', 'symlink_install': False, 'test_result_base': None}
[1.370s] INFO:colcon.colcon_core.executor:Executing jobs using 'parallel' executor
[1.376s] DEBUG:colcon.colcon_parallel_executor.executor.parallel:run_until_complete
[1.377s] INFO:colcon.colcon_ros.task.ament_python.build:Building ROS package in '/home/emy/conveyorbelt_ws/src/actuator_pkg' with build type 'ament_python'
[1.378s] Level 1:colcon.colcon_core.shell:create_environment_hook('actuator_pkg', 'ament_prefix_path')
[1.389s] INFO:colcon.colcon_core.plugin_system:Skipping extension 'colcon_core.shell.bat': Not used on non-Windows systems
[1.390s] INFO:colcon.colcon_core.shell:Creating environment hook '/home/emy/conveyorbelt_ws/install/actuator_pkg/share/actuator_pkg/hook/ament_prefix_path.ps1'
[1.453s] INFO:colcon.colcon_core.shell:Creating environment descriptor '/home/emy/conveyorbelt_ws/install/actuator_pkg/share/actuator_pkg/hook/ament_prefix_path.dsv'
[1.467s] INFO:colcon.colcon_core.shell:Creating environment hook '/home/emy/conveyorbelt_ws/install/actuator_pkg/share/actuator_pkg/hook/ament_prefix_path.sh'
[1.472s] INFO:colcon.colcon_core.shell:Skip shell extension 'powershell' for command environment: Not usable outside of PowerShell
[1.472s] DEBUG:colcon.colcon_core.shell:Skip shell extension 'dsv' for command environment
[1.512s] INFO:colcon.colcon_ros.task.ament_python.build:Building ROS package in '/home/emy/conveyorbelt_ws/src/aruco_pkg' with build type 'ament_python'
[1.513s] Level 1:colcon.colcon_core.shell:create_environment_hook('aruco_pkg', 'ament_prefix_path')
[1.514s] INFO:colcon.colcon_core.shell:Creating environment hook '/home/emy/conveyorbelt_ws/install/aruco_pkg/share/aruco_pkg/hook/ament_prefix_path.ps1'
[1.535s] INFO:colcon.colcon_core.shell:Creating environment descriptor '/home/emy/conveyorbelt_ws/install/aruco_pkg/share/aruco_pkg/hook/ament_prefix_path.dsv'
[1.537s] INFO:colcon.colcon_core.shell:Creating environment hook '/home/emy/conveyorbelt_ws/install/aruco_pkg/share/aruco_pkg/hook/ament_prefix_path.sh'
[1.540s] INFO:colcon.colcon_core.shell:Skip shell extension 'powershell' for command environment: Not usable outside of PowerShell
[1.541s] DEBUG:colcon.colcon_core.shell:Skip shell extension 'dsv' for command environment
[2.708s] INFO:colcon.colcon_core.task.python.build:Building Python package in '/home/emy/conveyorbelt_ws/src/actuator_pkg'
[2.709s] INFO:colcon.colcon_core.shell:Skip shell extension 'powershell' for command environment: Not usable outside of PowerShell
[2.710s] DEBUG:colcon.colcon_core.shell:Skip shell extension 'dsv' for command environment
[3.815s] INFO:colcon.colcon_core.task.python.build:Building Python package in '/home/emy/conveyorbelt_ws/src/aruco_pkg'
[3.817s] INFO:colcon.colcon_core.shell:Skip shell extension 'powershell' for command environment: Not usable outside of PowerShell
[3.818s] DEBUG:colcon.colcon_core.shell:Skip shell extension 'dsv' for command environment
[7.956s] DEBUG:colcon.colcon_core.event_handler.log_command:Invoking command in '/home/emy/conveyorbelt_ws/src/actuator_pkg': PYTHONPATH=/home/emy/conveyorbelt_ws/build/actuator_pkg/prefix_override:/usr/lib/python3/dist-packages/colcon_core/task/python/colcon_distutils_commands:/home/emy/conveyorbelt_ws/install/actuator_pkg/lib/python3.10/site-packages:${PYTHONPATH} /usr/bin/python3 -W ignore:setup.py install is deprecated -W ignore:easy_install command is deprecated setup.py egg_info --egg-base ../../build/actuator_pkg build --build-base /home/emy/conveyorbelt_ws/build/actuator_pkg/build install --record /home/emy/conveyorbelt_ws/build/actuator_pkg/install.log --single-version-externally-managed install_data
[7.998s] DEBUG:colcon.colcon_core.event_handler.log_command:Invoking command in '/home/emy/conveyorbelt_ws/src/aruco_pkg': PYTHONPATH=/home/emy/conveyorbelt_ws/build/aruco_pkg/prefix_override:/usr/lib/python3/dist-packages/colcon_core/task/python/colcon_distutils_commands:/home/emy/conveyorbelt_ws/install/aruco_pkg/lib/python3.10/site-packages:${PYTHONPATH} /usr/bin/python3 -W ignore:setup.py install is deprecated -W ignore:easy_install command is deprecated setup.py egg_info --egg-base ../../build/aruco_pkg build --build-base /home/emy/conveyorbelt_ws/build/aruco_pkg/build install --record /home/emy/conveyorbelt_ws/build/aruco_pkg/install.log --single-version-externally-managed install_data
[10.532s] DEBUG:colcon.colcon_core.event_handler.log_command:Invoked command in '/home/emy/conveyorbelt_ws/src/actuator_pkg' returned '0': PYTHONPATH=/home/emy/conveyorbelt_ws/build/actuator_pkg/prefix_override:/usr/lib/python3/dist-packages/colcon_core/task/python/colcon_distutils_commands:/home/emy/conveyorbelt_ws/install/actuator_pkg/lib/python3.10/site-packages:${PYTHONPATH} /usr/bin/python3 -W ignore:setup.py install is deprecated -W ignore:easy_install command is deprecated setup.py egg_info --egg-base ../../build/actuator_pkg build --build-base /home/emy/conveyorbelt_ws/build/actuator_pkg/build install --record /home/emy/conveyorbelt_ws/build/actuator_pkg/install.log --single-version-externally-managed install_data
[10.698s] Level 1:colcon.colcon_core.environment:checking '/home/emy/conveyorbelt_ws/install/actuator_pkg' for CMake module files
[10.704s] Level 1:colcon.colcon_core.environment:checking '/home/emy/conveyorbelt_ws/install/actuator_pkg' for CMake config files
[10.715s] Level 1:colcon.colcon_core.environment:checking '/home/emy/conveyorbelt_ws/install/actuator_pkg/lib'
[10.716s] Level 1:colcon.colcon_core.environment:checking '/home/emy/conveyorbelt_ws/install/actuator_pkg/bin'
[10.723s] Level 1:colcon.colcon_core.environment:checking '/home/emy/conveyorbelt_ws/install/actuator_pkg/lib/pkgconfig/actuator_pkg.pc'
[10.727s] Level 1:colcon.colcon_core.environment:checking '/home/emy/conveyorbelt_ws/install/actuator_pkg/lib/python3.10/site-packages'
[10.728s] Level 1:colcon.colcon_core.shell:create_environment_hook('actuator_pkg', 'pythonpath')
[10.733s] INFO:colcon.colcon_core.shell:Creating environment hook '/home/emy/conveyorbelt_ws/install/actuator_pkg/share/actuator_pkg/hook/pythonpath.ps1'
[10.737s] INFO:colcon.colcon_core.shell:Creating environment descriptor '/home/emy/conveyorbelt_ws/install/actuator_pkg/share/actuator_pkg/hook/pythonpath.dsv'
[10.748s] INFO:colcon.colcon_core.shell:Creating environment hook '/home/emy/conveyorbelt_ws/install/actuator_pkg/share/actuator_pkg/hook/pythonpath.sh'
[10.753s] Level 1:colcon.colcon_core.environment:checking '/home/emy/conveyorbelt_ws/install/actuator_pkg/bin'
[10.754s] Level 1:colcon.colcon_core.environment:create_environment_scripts_only(actuator_pkg)
[10.758s] INFO:colcon.colcon_core.shell:Creating package script '/home/emy/conveyorbelt_ws/install/actuator_pkg/share/actuator_pkg/package.ps1'
[10.775s] INFO:colcon.colcon_core.shell:Creating package descriptor '/home/emy/conveyorbelt_ws/install/actuator_pkg/share/actuator_pkg/package.dsv'
[10.788s] INFO:colcon.colcon_core.shell:Creating package script '/home/emy/conveyorbelt_ws/install/actuator_pkg/share/actuator_pkg/package.sh'
[10.792s] INFO:colcon.colcon_core.shell:Creating package script '/home/emy/conveyorbelt_ws/install/actuator_pkg/share/actuator_pkg/package.bash'
[10.796s] INFO:colcon.colcon_core.shell:Creating package script '/home/emy/conveyorbelt_ws/install/actuator_pkg/share/actuator_pkg/package.zsh'
[10.803s] Level 1:colcon.colcon_core.environment:create_file_with_runtime_dependencies(/home/emy/conveyorbelt_ws/install/actuator_pkg/share/colcon-core/packages/actuator_pkg)
[10.806s] INFO:colcon.colcon_ros.task.ament_python.build:Building ROS package in '/home/emy/conveyorbelt_ws/src/box_recognition' with build type 'ament_python'
[10.806s] Level 1:colcon.colcon_core.shell:create_environment_hook('box_recognition', 'ament_prefix_path')
[10.807s] INFO:colcon.colcon_core.shell:Creating environment hook '/home/emy/conveyorbelt_ws/install/box_recognition/share/box_recognition/hook/ament_prefix_path.ps1'
[10.811s] INFO:colcon.colcon_core.shell:Creating environment descriptor '/home/emy/conveyorbelt_ws/install/box_recognition/share/box_recognition/hook/ament_prefix_path.dsv'
[10.814s] INFO:colcon.colcon_core.shell:Creating environment hook '/home/emy/conveyorbelt_ws/install/box_recognition/share/box_recognition/hook/ament_prefix_path.sh'
[10.818s] INFO:colcon.colcon_core.shell:Skip shell extension 'powershell' for command environment: Not usable outside of PowerShell
[10.818s] DEBUG:colcon.colcon_core.shell:Skip shell extension 'dsv' for command environment
[10.902s] Level 1:colcon.colcon_core.environment:checking '/home/emy/conveyorbelt_ws/install/aruco_pkg' for CMake module files
[10.906s] DEBUG:colcon.colcon_core.event_handler.log_command:Invoked command in '/home/emy/conveyorbelt_ws/src/aruco_pkg' returned '0': PYTHONPATH=/home/emy/conveyorbelt_ws/build/aruco_pkg/prefix_override:/usr/lib/python3/dist-packages/colcon_core/task/python/colcon_distutils_commands:/home/emy/conveyorbelt_ws/install/aruco_pkg/lib/python3.10/site-packages:${PYTHONPATH} /usr/bin/python3 -W ignore:setup.py install is deprecated -W ignore:easy_install command is deprecated setup.py egg_info --egg-base ../../build/aruco_pkg build --build-base /home/emy/conveyorbelt_ws/build/aruco_pkg/build install --record /home/emy/conveyorbelt_ws/build/aruco_pkg/install.log --single-version-externally-managed install_data
[10.906s] Level 1:colcon.colcon_core.environment:checking '/home/emy/conveyorbelt_ws/install/aruco_pkg' for CMake config files
[10.910s] Level 1:colcon.colcon_core.environment:checking '/home/emy/conveyorbelt_ws/install/aruco_pkg/lib'
[10.910s] Level 1:colcon.colcon_core.environment:checking '/home/emy/conveyorbelt_ws/install/aruco_pkg/bin'
[10.911s] Level 1:colcon.colcon_core.environment:checking '/home/emy/conveyorbelt_ws/install/aruco_pkg/lib/pkgconfig/aruco_pkg.pc'
[10.911s] Level 1:colcon.colcon_core.environment:checking '/home/emy/conveyorbelt_ws/install/aruco_pkg/lib/python3.10/site-packages'
[10.912s] Level 1:colcon.colcon_core.shell:create_environment_hook('aruco_pkg', 'pythonpath')
[10.913s] INFO:colcon.colcon_core.shell:Creating environment hook '/home/emy/conveyorbelt_ws/install/aruco_pkg/share/aruco_pkg/hook/pythonpath.ps1'
[10.915s] INFO:colcon.colcon_core.shell:Creating environment descriptor '/home/emy/conveyorbelt_ws/install/aruco_pkg/share/aruco_pkg/hook/pythonpath.dsv'
[10.916s] INFO:colcon.colcon_core.shell:Creating environment hook '/home/emy/conveyorbelt_ws/install/aruco_pkg/share/aruco_pkg/hook/pythonpath.sh'
[10.919s] Level 1:colcon.colcon_core.environment:checking '/home/emy/conveyorbelt_ws/install/aruco_pkg/bin'
[10.919s] Level 1:colcon.colcon_core.environment:create_environment_scripts_only(aruco_pkg)
[10.921s] INFO:colcon.colcon_core.shell:Creating package script '/home/emy/conveyorbelt_ws/install/aruco_pkg/share/aruco_pkg/package.ps1'
[10.923s] INFO:colcon.colcon_core.shell:Creating package descriptor '/home/emy/conveyorbelt_ws/install/aruco_pkg/share/aruco_pkg/package.dsv'
[10.925s] INFO:colcon.colcon_core.shell:Creating package script '/home/emy/conveyorbelt_ws/install/aruco_pkg/share/aruco_pkg/package.sh'
[10.928s] INFO:colcon.colcon_core.shell:Creating package script '/home/emy/conveyorbelt_ws/install/aruco_pkg/share/aruco_pkg/package.bash'
[10.930s] INFO:colcon.colcon_core.shell:Creating package script '/home/emy/conveyorbelt_ws/install/aruco_pkg/share/aruco_pkg/package.zsh'
[10.932s] Level 1:colcon.colcon_core.environment:create_file_with_runtime_dependencies(/home/emy/conveyorbelt_ws/install/aruco_pkg/share/colcon-core/packages/aruco_pkg)
[11.989s] INFO:colcon.colcon_core.task.python.build:Building Python package in '/home/emy/conveyorbelt_ws/src/box_recognition'
[11.990s] INFO:colcon.colcon_core.shell:Skip shell extension 'powershell' for command environment: Not usable outside of PowerShell
[11.990s] DEBUG:colcon.colcon_core.shell:Skip shell extension 'dsv' for command environment
[14.139s] DEBUG:colcon.colcon_core.event_handler.log_command:Invoking command in '/home/emy/conveyorbelt_ws/src/box_recognition': PYTHONPATH=/home/emy/conveyorbelt_ws/build/box_recognition/prefix_override:/usr/lib/python3/dist-packages/colcon_core/task/python/colcon_distutils_commands:/home/emy/conveyorbelt_ws/install/box_recognition/lib/python3.10/site-packages:${PYTHONPATH} /usr/bin/python3 -W ignore:setup.py install is deprecated -W ignore:easy_install command is deprecated setup.py egg_info --egg-base ../../build/box_recognition build --build-base /home/emy/conveyorbelt_ws/build/box_recognition/build install --record /home/emy/conveyorbelt_ws/build/box_recognition/install.log --single-version-externally-managed install_data
[16.425s] Level 1:colcon.colcon_core.environment:checking '/home/emy/conveyorbelt_ws/install/box_recognition' for CMake module files
[16.432s] DEBUG:colcon.colcon_core.event_handler.log_command:Invoked command in '/home/emy/conveyorbelt_ws/src/box_recognition' returned '0': PYTHONPATH=/home/emy/conveyorbelt_ws/build/box_recognition/prefix_override:/usr/lib/python3/dist-packages/colcon_core/task/python/colcon_distutils_commands:/home/emy/conveyorbelt_ws/install/box_recognition/lib/python3.10/site-packages:${PYTHONPATH} /usr/bin/python3 -W ignore:setup.py install is deprecated -W ignore:easy_install command is deprecated setup.py egg_info --egg-base ../../build/box_recognition build --build-base /home/emy/conveyorbelt_ws/build/box_recognition/build install --record /home/emy/conveyorbelt_ws/build/box_recognition/install.log --single-version-externally-managed install_data
[16.435s] Level 1:colcon.colcon_core.environment:checking '/home/emy/conveyorbelt_ws/install/box_recognition' for CMake config files
[16.441s] Level 1:colcon.colcon_core.environment:checking '/home/emy/conveyorbelt_ws/install/box_recognition/lib'
[16.442s] Level 1:colcon.colcon_core.environment:checking '/home/emy/conveyorbelt_ws/install/box_recognition/bin'
[16.442s] Level 1:colcon.colcon_core.environment:checking '/home/emy/conveyorbelt_ws/install/box_recognition/lib/pkgconfig/box_recognition.pc'
[16.444s] Level 1:colcon.colcon_core.environment:checking '/home/emy/conveyorbelt_ws/install/box_recognition/lib/python3.10/site-packages'
[16.445s] Level 1:colcon.colcon_core.shell:create_environment_hook('box_recognition', 'pythonpath')
[16.447s] INFO:colcon.colcon_core.shell:Creating environment hook '/home/emy/conveyorbelt_ws/install/box_recognition/share/box_recognition/hook/pythonpath.ps1'
[16.451s] INFO:colcon.colcon_core.shell:Creating environment descriptor '/home/emy/conveyorbelt_ws/install/box_recognition/share/box_recognition/hook/pythonpath.dsv'
[16.454s] INFO:colcon.colcon_core.shell:Creating environment hook '/home/emy/conveyorbelt_ws/install/box_recognition/share/box_recognition/hook/pythonpath.sh'
[16.459s] Level 1:colcon.colcon_core.environment:checking '/home/emy/conveyorbelt_ws/install/box_recognition/bin'
[16.460s] Level 1:colcon.colcon_core.environment:create_environment_scripts_only(box_recognition)
[16.462s] INFO:colcon.colcon_core.shell:Creating package script '/home/emy/conveyorbelt_ws/install/box_recognition/share/box_recognition/package.ps1'
[16.466s] INFO:colcon.colcon_core.shell:Creating package descriptor '/home/emy/conveyorbelt_ws/install/box_recognition/share/box_recognition/package.dsv'
[16.469s] INFO:colcon.colcon_core.shell:Creating package script '/home/emy/conveyorbelt_ws/install/box_recognition/share/box_recognition/package.sh'
[16.473s] INFO:colcon.colcon_core.shell:Creating package script '/home/emy/conveyorbelt_ws/install/box_recognition/share/box_recognition/package.bash'
[16.475s] INFO:colcon.colcon_core.shell:Creating package script '/home/emy/conveyorbelt_ws/install/box_recognition/share/box_recognition/package.zsh'
[16.478s] Level 1:colcon.colcon_core.environment:create_file_with_runtime_dependencies(/home/emy/conveyorbelt_ws/install/box_recognition/share/colcon-core/packages/box_recognition)
[16.480s] DEBUG:colcon.colcon_parallel_executor.executor.parallel:closing loop
[16.480s] DEBUG:colcon.colcon_parallel_executor.executor.parallel:loop closed
[16.480s] DEBUG:colcon.colcon_parallel_executor.executor.parallel:run_until_complete finished with '0'
[16.482s] DEBUG:colcon.colcon_core.event_reactor:joining thread
[16.517s] INFO:colcon.colcon_core.plugin_system:Skipping extension 'colcon_notification.desktop_notification.terminal_notifier': Not used on non-Darwin systems
[16.517s] INFO:colcon.colcon_core.plugin_system:Skipping extension 'colcon_notification.desktop_notification.win32': Not used on non-Windows systems
[16.517s] INFO:colcon.colcon_notification.desktop_notification:Sending desktop notification using 'notify2'
[16.575s] DEBUG:colcon.colcon_core.event_reactor:joined thread
[16.577s] INFO:colcon.colcon_core.shell:Creating prefix script '/home/emy/conveyorbelt_ws/install/local_setup.ps1'
[16.581s] INFO:colcon.colcon_core.shell:Creating prefix util module '/home/emy/conveyorbelt_ws/install/_local_setup_util_ps1.py'
[16.588s] INFO:colcon.colcon_core.shell:Creating prefix chain script '/home/emy/conveyorbelt_ws/install/setup.ps1'
[16.597s] INFO:colcon.colcon_core.shell:Creating prefix script '/home/emy/conveyorbelt_ws/install/local_setup.sh'
[16.600s] INFO:colcon.colcon_core.shell:Creating prefix util module '/home/emy/conveyorbelt_ws/install/_local_setup_util_sh.py'
[16.606s] INFO:colcon.colcon_core.shell:Creating prefix chain script '/home/emy/conveyorbelt_ws/install/setup.sh'
[16.617s] INFO:colcon.colcon_core.shell:Creating prefix script '/home/emy/conveyorbelt_ws/install/local_setup.bash'
[16.620s] INFO:colcon.colcon_core.shell:Creating prefix chain script '/home/emy/conveyorbelt_ws/install/setup.bash'
[16.629s] INFO:colcon.colcon_core.shell:Creating prefix script '/home/emy/conveyorbelt_ws/install/local_setup.zsh'
[16.632s] INFO:colcon.colcon_core.shell:Creating prefix chain script '/home/emy/conveyorbelt_ws/install/setup.zsh'
