[3.326s] Invoking command in '/home/emy/conveyorbelt_ws/src/box_recognition': PYTHONPATH=/home/emy/conveyorbelt_ws/build/box_recognition/prefix_override:/usr/lib/python3/dist-packages/colcon_core/task/python/colcon_distutils_commands:/home/emy/conveyorbelt_ws/install/box_recognition/lib/python3.10/site-packages:${PYTHONPATH} /usr/bin/python3 -W ignore:setup.py install is deprecated -W ignore:easy_install command is deprecated setup.py egg_info --egg-base ../../build/box_recognition build --build-base /home/emy/conveyorbelt_ws/build/box_recognition/build install --record /home/emy/conveyorbelt_ws/build/box_recognition/install.log --single-version-externally-managed install_data
[4.098s] /home/emy/.local/lib/python3.10/site-packages/setuptools/_distutils/dist.py:289: UserWarning: Unknown distribution option: 'tests_require'
[4.098s]   warnings.warn(msg)
[4.752s] running egg_info
[4.860s] creating ../../build/box_recognition/box_recognition.egg-info
[4.861s] writing ../../build/box_recognition/box_recognition.egg-info/PKG-INFO
[4.865s] writing dependency_links to ../../build/box_recognition/box_recognition.egg-info/dependency_links.txt
[4.869s] writing requirements to ../../build/box_recognition/box_recognition.egg-info/requires.txt
[4.869s] writing top-level names to ../../build/box_recognition/box_recognition.egg-info/top_level.txt
[4.871s] writing manifest file '../../build/box_recognition/box_recognition.egg-info/SOURCES.txt'
[5.065s] reading manifest file '../../build/box_recognition/box_recognition.egg-info/SOURCES.txt'
[5.069s] adding license file 'LICENSE'
[5.073s] writing manifest file '../../build/box_recognition/box_recognition.egg-info/SOURCES.txt'
[5.075s] running build
[5.077s] running build_py
[5.079s] creating /home/emy/conveyorbelt_ws/build/box_recognition/build/lib/box_recognition
[5.081s] copying box_recognition/__init__.py -> /home/emy/conveyorbelt_ws/build/box_recognition/build/lib/box_recognition
[5.084s] running install
[5.099s] running install_lib
[5.195s] creating /home/emy/conveyorbelt_ws/install/box_recognition/lib/python3.10/site-packages/box_recognition
[5.195s] copying /home/emy/conveyorbelt_ws/build/box_recognition/build/lib/box_recognition/__init__.py -> /home/emy/conveyorbelt_ws/install/box_recognition/lib/python3.10/site-packages/box_recognition
[5.197s] byte-compiling /home/emy/conveyorbelt_ws/install/box_recognition/lib/python3.10/site-packages/box_recognition/__init__.py to __init__.cpython-310.pyc
[5.198s] running install_data
[5.200s] creating /home/emy/conveyorbelt_ws/install/box_recognition/share/ament_index/resource_index/packages
[5.201s] copying resource/box_recognition -> /home/emy/conveyorbelt_ws/install/box_recognition/share/ament_index/resource_index/packages
[5.202s] copying package.xml -> /home/emy/conveyorbelt_ws/install/box_recognition/share/box_recognition
[5.203s] running install_egg_info
[5.297s] Copying ../../build/box_recognition/box_recognition.egg-info to /home/emy/conveyorbelt_ws/install/box_recognition/lib/python3.10/site-packages/box_recognition-0.0.0-py3.10.egg-info
[5.301s] running install_scripts
[5.486s] writing list of installed files to '/home/emy/conveyorbelt_ws/build/box_recognition/install.log'
[5.619s] Invoked command in '/home/emy/conveyorbelt_ws/src/box_recognition' returned '0': PYTHONPATH=/home/emy/conveyorbelt_ws/build/box_recognition/prefix_override:/usr/lib/python3/dist-packages/colcon_core/task/python/colcon_distutils_commands:/home/emy/conveyorbelt_ws/install/box_recognition/lib/python3.10/site-packages:${PYTHONPATH} /usr/bin/python3 -W ignore:setup.py install is deprecated -W ignore:easy_install command is deprecated setup.py egg_info --egg-base ../../build/box_recognition build --build-base /home/emy/conveyorbelt_ws/build/box_recognition/build install --record /home/emy/conveyorbelt_ws/build/box_recognition/install.log --single-version-externally-managed install_data
