/home/emy/.local/lib/python3.10/site-packages/setuptools/_distutils/dist.py:289: UserWarning: Unknown distribution option: 'tests_require'
  warnings.warn(msg)
running egg_info
creating ../../build/actuator_pkg/actuator_pkg.egg-info
writing ../../build/actuator_pkg/actuator_pkg.egg-info/PKG-INFO
writing dependency_links to ../../build/actuator_pkg/actuator_pkg.egg-info/dependency_links.txt
writing requirements to ../../build/actuator_pkg/actuator_pkg.egg-info/requires.txt
writing top-level names to ../../build/actuator_pkg/actuator_pkg.egg-info/top_level.txt
writing manifest file '../../build/actuator_pkg/actuator_pkg.egg-info/SOURCES.txt'
reading manifest file '../../build/actuator_pkg/actuator_pkg.egg-info/SOURCES.txt'
adding license file 'LICENSE'
writing manifest file '../../build/actuator_pkg/actuator_pkg.egg-info/SOURCES.txt'
running build
running build_py
creating /home/emy/conveyorbelt_ws/build/actuator_pkg/build/lib/actuator_pkg
copying actuator_pkg/__init__.py -> /home/emy/conveyorbelt_ws/build/actuator_pkg/build/lib/actuator_pkg
running install
running install_lib
creating /home/emy/conveyorbelt_ws/install/actuator_pkg/lib/python3.10/site-packages/actuator_pkg
copying /home/emy/conveyorbelt_ws/build/actuator_pkg/build/lib/actuator_pkg/__init__.py -> /home/emy/conveyorbelt_ws/install/actuator_pkg/lib/python3.10/site-packages/actuator_pkg
byte-compiling /home/emy/conveyorbelt_ws/install/actuator_pkg/lib/python3.10/site-packages/actuator_pkg/__init__.py to __init__.cpython-310.pyc
running install_data
creating /home/emy/conveyorbelt_ws/install/actuator_pkg/share/ament_index/resource_index/packages
copying resource/actuator_pkg -> /home/emy/conveyorbelt_ws/install/actuator_pkg/share/ament_index/resource_index/packages
copying package.xml -> /home/emy/conveyorbelt_ws/install/actuator_pkg/share/actuator_pkg
running install_egg_info
Copying ../../build/actuator_pkg/actuator_pkg.egg-info to /home/emy/conveyorbelt_ws/install/actuator_pkg/lib/python3.10/site-packages/actuator_pkg-0.0.0-py3.10.egg-info
running install_scripts
writing list of installed files to '/home/emy/conveyorbelt_ws/build/actuator_pkg/install.log'
