[6.576s] Invoking command in '/home/emy/conveyorbelt_ws/src/actuator_pkg': PYTHONPATH=/home/emy/conveyorbelt_ws/build/actuator_pkg/prefix_override:/usr/lib/python3/dist-packages/colcon_core/task/python/colcon_distutils_commands:/home/emy/conveyorbelt_ws/install/actuator_pkg/lib/python3.10/site-packages:${PYTHONPATH} /usr/bin/python3 -W ignore:setup.py install is deprecated -W ignore:easy_install command is deprecated setup.py egg_info --egg-base ../../build/actuator_pkg build --build-base /home/emy/conveyorbelt_ws/build/actuator_pkg/build install --record /home/emy/conveyorbelt_ws/build/actuator_pkg/install.log --single-version-externally-managed install_data
[7.487s] /home/emy/.local/lib/python3.10/site-packages/setuptools/_distutils/dist.py:289: UserWarning: Unknown distribution option: 'tests_require'
[7.487s]   warnings.warn(msg)
[8.163s] running egg_info
[8.260s] creating ../../build/actuator_pkg/actuator_pkg.egg-info
[8.261s] writing ../../build/actuator_pkg/actuator_pkg.egg-info/PKG-INFO
[8.265s] writing dependency_links to ../../build/actuator_pkg/actuator_pkg.egg-info/dependency_links.txt
[8.266s] writing requirements to ../../build/actuator_pkg/actuator_pkg.egg-info/requires.txt
[8.266s] writing top-level names to ../../build/actuator_pkg/actuator_pkg.egg-info/top_level.txt
[8.266s] writing manifest file '../../build/actuator_pkg/actuator_pkg.egg-info/SOURCES.txt'
[8.478s] reading manifest file '../../build/actuator_pkg/actuator_pkg.egg-info/SOURCES.txt'
[8.481s] adding license file 'LICENSE'
[8.484s] writing manifest file '../../build/actuator_pkg/actuator_pkg.egg-info/SOURCES.txt'
[8.486s] running build
[8.488s] running build_py
[8.488s] creating /home/emy/conveyorbelt_ws/build/actuator_pkg/build/lib/actuator_pkg
[8.489s] copying actuator_pkg/__init__.py -> /home/emy/conveyorbelt_ws/build/actuator_pkg/build/lib/actuator_pkg
[8.491s] running install
[8.512s] running install_lib
[8.614s] creating /home/emy/conveyorbelt_ws/install/actuator_pkg/lib/python3.10/site-packages/actuator_pkg
[8.616s] copying /home/emy/conveyorbelt_ws/build/actuator_pkg/build/lib/actuator_pkg/__init__.py -> /home/emy/conveyorbelt_ws/install/actuator_pkg/lib/python3.10/site-packages/actuator_pkg
[8.619s] byte-compiling /home/emy/conveyorbelt_ws/install/actuator_pkg/lib/python3.10/site-packages/actuator_pkg/__init__.py to __init__.cpython-310.pyc
[8.623s] running install_data
[8.623s] creating /home/emy/conveyorbelt_ws/install/actuator_pkg/share/ament_index/resource_index/packages
[8.624s] copying resource/actuator_pkg -> /home/emy/conveyorbelt_ws/install/actuator_pkg/share/ament_index/resource_index/packages
[8.624s] copying package.xml -> /home/emy/conveyorbelt_ws/install/actuator_pkg/share/actuator_pkg
[8.627s] running install_egg_info
[8.745s] Copying ../../build/actuator_pkg/actuator_pkg.egg-info to /home/emy/conveyorbelt_ws/install/actuator_pkg/lib/python3.10/site-packages/actuator_pkg-0.0.0-py3.10.egg-info
[8.755s] running install_scripts
[9.005s] writing list of installed files to '/home/emy/conveyorbelt_ws/build/actuator_pkg/install.log'
[9.151s] Invoked command in '/home/emy/conveyorbelt_ws/src/actuator_pkg' returned '0': PYTHONPATH=/home/emy/conveyorbelt_ws/build/actuator_pkg/prefix_override:/usr/lib/python3/dist-packages/colcon_core/task/python/colcon_distutils_commands:/home/emy/conveyorbelt_ws/install/actuator_pkg/lib/python3.10/site-packages:${PYTHONPATH} /usr/bin/python3 -W ignore:setup.py install is deprecated -W ignore:easy_install command is deprecated setup.py egg_info --egg-base ../../build/actuator_pkg build --build-base /home/emy/conveyorbelt_ws/build/actuator_pkg/build install --record /home/emy/conveyorbelt_ws/build/actuator_pkg/install.log --single-version-externally-managed install_data
